Traceback (most recent call last):
  File "/home/rcprhkdi/my1/passenger_wsgi.py", line 6, in <module>
    from app import app as application
  File "/home/rcprhkdi/my1/app.py", line 87, in <module>
    app = create_app()
  File "/home/rcprhkdi/my1/app.py", line 17, in create_app
    from routes_admin import admin_bp
ImportError: cannot import name 'admin_bp'
Traceback (most recent call last):
  File "/home/rcprhkdi/my1/passenger_wsgi.py", line 6, in <module>
    from app import app as application
  File "/home/rcprhkdi/my1/app.py", line 87, in <module>
    app = create_app()
  File "/home/rcprhkdi/my1/app.py", line 17, in create_app
    from routes_admin import admin_bp
ImportError: cannot import name 'admin_bp'
Traceback (most recent call last):
  File "/home/rcprhkdi/my1/passenger_wsgi.py", line 6, in <module>
    from app import app as application
  File "/home/rcprhkdi/my1/app.py", line 87, in <module>
    app = create_app()
  File "/home/rcprhkdi/my1/app.py", line 17, in create_app
    from routes_admin import admin_bp
ImportError: cannot import name 'admin_bp'
Traceback (most recent call last):
  File "/home/rcprhkdi/my1/passenger_wsgi.py", line 6, in <module>
    from app import app as application
  File "/home/rcprhkdi/my1/app.py", line 87, in <module>
    app = create_app()
  File "/home/rcprhkdi/my1/app.py", line 17, in create_app
    from routes_admin import admin_bp
ImportError: cannot import name 'admin_bp'
Traceback (most recent call last):
  File "/home/rcprhkdi/my1/passenger_wsgi.py", line 25, in <module>
    from app import app as application
  File "/home/rcprhkdi/my1/app.py", line 87, in <module>
    app = create_app()
  File "/home/rcprhkdi/my1/app.py", line 17, in create_app
    from routes_admin import admin_bp
ImportError: cannot import name 'admin_bp'
Traceback (most recent call last):
  File "/home/rcprhkdi/my1/passenger_wsgi.py", line 25, in <module>
    from app import app as application
  File "/home/rcprhkdi/my1/app.py", line 87, in <module>
    app = create_app()
  File "/home/rcprhkdi/my1/app.py", line 17, in create_app
    from routes_admin import admin_bp
ImportError: cannot import name 'admin_bp'
Traceback (most recent call last):
  File "/home/rcprhkdi/my1/passenger_wsgi.py", line 25, in <module>
    from app import app as application
  File "/home/rcprhkdi/my1/app.py", line 87, in <module>
    app = create_app()
  File "/home/rcprhkdi/my1/app.py", line 17, in create_app
    from routes_admin import admin_bp
ImportError: cannot import name 'admin_bp'
Traceback (most recent call last):
  File "/home/rcprhkdi/my1/passenger_wsgi.py", line 25, in <module>
    from app import app as application
  File "/home/rcprhkdi/my1/app.py", line 87, in <module>
    app = create_app()
  File "/home/rcprhkdi/my1/app.py", line 17, in create_app
    from routes_admin import admin_bp
ImportError: cannot import name 'admin_bp'
Traceback (most recent call last):
  File "/home/rcprhkdi/my1/passenger_wsgi.py", line 8, in <module>
    from app import app as application  # <-- this line fixes the problem
  File "/home/rcprhkdi/my1/app.py", line 87, in <module>
    app = create_app()
  File "/home/rcprhkdi/my1/app.py", line 17, in create_app
    from routes_admin import admin_bp
ImportError: cannot import name 'admin_bp'
Traceback (most recent call last):
  File "/home/rcprhkdi/my1/passenger_wsgi.py", line 8, in <module>
    from app import app as application  # <-- this line fixes the problem
  File "/home/rcprhkdi/my1/app.py", line 87, in <module>
    app = create_app()
  File "/home/rcprhkdi/my1/app.py", line 17, in create_app
    from routes_admin import admin_bp
ImportError: cannot import name 'admin_bp'
Traceback (most recent call last):
  File "/home/rcprhkdi/my1/passenger_wsgi.py", line 8, in <module>
    from app import app as application  # <-- this line fixes the problem
  File "/home/rcprhkdi/my1/app.py", line 87, in <module>
    app = create_app()
  File "/home/rcprhkdi/my1/app.py", line 17, in create_app
    from routes_admin import admin_bp
ImportError: cannot import name 'admin_bp'
Traceback (most recent call last):
  File "/home/rcprhkdi/my1/passenger_wsgi.py", line 7, in <module>
    from app import app as application
  File "/home/rcprhkdi/my1/app.py", line 87, in <module>
    app = create_app()
  File "/home/rcprhkdi/my1/app.py", line 17, in create_app
    from routes_admin import admin_bp
ImportError: cannot import name 'admin_bp'
Traceback (most recent call last):
  File "/home/rcprhkdi/my1/passenger_wsgi.py", line 7, in <module>
    from app import app as application
  File "/home/rcprhkdi/my1/app.py", line 87, in <module>
    app = create_app()
  File "/home/rcprhkdi/my1/app.py", line 17, in create_app
    from routes_admin import admin_bp
ImportError: cannot import name 'admin_bp'
Traceback (most recent call last):
  File "/home/rcprhkdi/my1/passenger_wsgi.py", line 7, in <module>
    from app import app as application
  File "/home/rcprhkdi/my1/app.py", line 87, in <module>
    app = create_app()
  File "/home/rcprhkdi/my1/app.py", line 17, in create_app
    from routes_admin import admin_bp
ImportError: cannot import name 'admin_bp'
Traceback (most recent call last):
  File "/home/rcprhkdi/my1/passenger_wsgi.py", line 7, in <module>
    from app import app as application
  File "/home/rcprhkdi/my1/app.py", line 87, in <module>
    app = create_app()
  File "/home/rcprhkdi/my1/app.py", line 17, in create_app
    from routes_admin import admin_bp
ImportError: cannot import name 'admin_bp'
Traceback (most recent call last):
  File "/home/rcprhkdi/my1/passenger_wsgi.py", line 7, in <module>
    from app import app as application
  File "/home/rcprhkdi/my1/app.py", line 87, in <module>
    app = create_app()
  File "/home/rcprhkdi/my1/app.py", line 17, in create_app
    from routes_admin import admin_bp
ImportError: cannot import name 'admin_bp'
Traceback (most recent call last):
  File "/home/rcprhkdi/my1/passenger_wsgi.py", line 7, in <module>
    from app import app as application
  File "/home/rcprhkdi/my1/app.py", line 87, in <module>
    app = create_app()
  File "/home/rcprhkdi/my1/app.py", line 17, in create_app
    from routes_admin import admin_bp
ImportError: cannot import name 'admin_bp'
